<?xml version="1.0" encoding="UTF-8"?>
<!-- Generated by org.testng.reporters.JUnitXMLReporter -->
<testsuite ignored="0" hostname="LAPTOP-O0RL6D68" failures="0" tests="2" name="Executing in Firefox" time="28.63" errors="0" timestamp="09 May 2023 01:57:17 GMT">
  <testcase classname="com.sevenrmartsupermarket.tests.ManageDeliveryBoyTest" name="verifyDeliveryBoyNewUserCreation" time="4.83"/>
  <testcase classname="com.sevenrmartsupermarket.tests.ManageDeliveryBoyTest" name="verifyPassword" time="3.084"/>
</testsuite> <!-- Executing in Firefox -->
