<?xml version="1.0" encoding="UTF-8"?>
<testng-results ignored="0" total="2" passed="2" failed="0" skipped="0">
  <reporter-output>
  </reporter-output>
  <suite started-at="2023-05-24T01:21:22Z" name="Default suite" finished-at="2023-05-24T01:23:38Z" duration-ms="135213">
    <groups>
    </groups>
    <test started-at="2023-05-24T01:21:22Z" name="Default test" finished-at="2023-05-24T01:23:38Z" duration-ms="135213">
      <class name="com.sevenrmartsupermarket.tests.ManageSliderTest">
        <test-method is-config="true" signature="launchBrowser()[pri:0, instance:com.sevenrmartsupermarket.tests.ManageSliderTest@7a362b6b]" started-at="2023-05-24T01:21:22Z" name="launchBrowser" finished-at="2023-05-24T01:21:26Z" duration-ms="3162" status="PASS">
          <reporter-output>
          </reporter-output>
        </test-method> <!-- launchBrowser -->
        <test-method signature="verifyNewSliderCreation()[pri:0, instance:com.sevenrmartsupermarket.tests.ManageSliderTest@7a362b6b]" started-at="2023-05-24T01:21:26Z" name="verifyNewSliderCreation" finished-at="2023-05-24T01:23:34Z" duration-ms="128073" status="PASS">
          <reporter-output>
          </reporter-output>
        </test-method> <!-- verifyNewSliderCreation -->
        <test-method is-config="true" signature="terminateBrowser(org.testng.ITestResult)[pri:0, instance:com.sevenrmartsupermarket.tests.ManageSliderTest@7a362b6b]" started-at="2023-05-24T01:23:34Z" name="terminateBrowser" finished-at="2023-05-24T01:23:34Z" duration-ms="2" status="PASS">
          <params>
            <param index="0">
              <value>
                <![CDATA[[TestResult name=verifyNewSliderCreation status=SUCCESS method=ManageSliderTest.verifyNewSliderCreation()[pri:0, instance:com.sevenrmartsupermarket.tests.ManageSliderTest@7a362b6b] output={null}]]]>
              </value>
            </param>
          </params>
          <reporter-output>
          </reporter-output>
        </test-method> <!-- terminateBrowser -->
        <test-method is-config="true" signature="launchBrowser()[pri:0, instance:com.sevenrmartsupermarket.tests.ManageSliderTest@7a362b6b]" started-at="2023-05-24T01:23:34Z" name="launchBrowser" finished-at="2023-05-24T01:23:36Z" duration-ms="1969" status="PASS">
          <reporter-output>
          </reporter-output>
        </test-method> <!-- launchBrowser -->
        <test-method signature="verifySliderUpdation()[pri:0, instance:com.sevenrmartsupermarket.tests.ManageSliderTest@7a362b6b]" started-at="2023-05-24T01:23:36Z" name="verifySliderUpdation" finished-at="2023-05-24T01:23:38Z" duration-ms="1977" status="PASS">
          <reporter-output>
          </reporter-output>
        </test-method> <!-- verifySliderUpdation -->
        <test-method is-config="true" signature="terminateBrowser(org.testng.ITestResult)[pri:0, instance:com.sevenrmartsupermarket.tests.ManageSliderTest@7a362b6b]" started-at="2023-05-24T01:23:38Z" name="terminateBrowser" finished-at="2023-05-24T01:23:38Z" duration-ms="0" status="PASS">
          <params>
            <param index="0">
              <value>
                <![CDATA[[TestResult name=verifySliderUpdation status=SUCCESS method=ManageSliderTest.verifySliderUpdation()[pri:0, instance:com.sevenrmartsupermarket.tests.ManageSliderTest@7a362b6b] output={null}]]]>
              </value>
            </param>
          </params>
          <reporter-output>
          </reporter-output>
        </test-method> <!-- terminateBrowser -->
      </class> <!-- com.sevenrmartsupermarket.tests.ManageSliderTest -->
    </test> <!-- Default test -->
  </suite> <!-- Default suite -->
</testng-results>
