<?xml version="1.0" encoding="UTF-8"?>
<testng-results ignored="1" total="3" passed="2" failed="0" skipped="0">
  <reporter-output>
  </reporter-output>
  <suite started-at="2023-05-15T09:38:16Z" name="Default suite" finished-at="2023-05-15T09:38:25Z" duration-ms="8938">
    <groups>
    </groups>
    <test started-at="2023-05-15T09:38:16Z" name="Default test" finished-at="2023-05-15T09:38:25Z" duration-ms="8938">
      <class name="com.sevenrmartsupermarket.tests.PushNotificationTest">
        <test-method is-config="true" signature="launchBrowser()[pri:0, instance:com.sevenrmartsupermarket.tests.PushNotificationTest@416c58f5]" started-at="2023-05-15T09:38:17Z" name="launchBrowser" finished-at="2023-05-15T09:38:19Z" duration-ms="2868" status="PASS">
          <reporter-output>
          </reporter-output>
        </test-method> <!-- launchBrowser -->
        <test-method signature="verifyPushNotifications(java.lang.String, java.lang.String)[pri:0, instance:com.sevenrmartsupermarket.tests.PushNotificationTest@416c58f5]" started-at="2023-05-15T09:38:19Z" name="verifyPushNotifications" data-provider="Push Notification Data" finished-at="2023-05-15T09:38:21Z" duration-ms="1913" status="PASS">
          <params>
            <param index="0">
              <value>
                <![CDATA[sevenmarket]]>
              </value>
            </param>
            <param index="1">
              <value>
                <![CDATA[grocery app]]>
              </value>
            </param>
          </params>
          <reporter-output>
          </reporter-output>
        </test-method> <!-- verifyPushNotifications -->
        <test-method is-config="true" signature="terminateBrowser(org.testng.ITestResult)[pri:0, instance:com.sevenrmartsupermarket.tests.PushNotificationTest@416c58f5]" started-at="2023-05-15T09:38:21Z" name="terminateBrowser" finished-at="2023-05-15T09:38:21Z" duration-ms="0" status="PASS">
          <params>
            <param index="0">
              <value>
                <![CDATA[[TestResult name=verifyPushNotifications status=SUCCESS method=PushNotificationTest.verifyPushNotifications(java.lang.String, java.lang.String)[pri:0, instance:com.sevenrmartsupermarket.tests.PushNotificationTest@416c58f5] output={null}]]]>
              </value>
            </param>
          </params>
          <reporter-output>
          </reporter-output>
        </test-method> <!-- terminateBrowser -->
        <test-method is-config="true" signature="launchBrowser()[pri:0, instance:com.sevenrmartsupermarket.tests.PushNotificationTest@416c58f5]" started-at="2023-05-15T09:38:21Z" name="launchBrowser" finished-at="2023-05-15T09:38:23Z" duration-ms="1709" status="PASS">
          <reporter-output>
          </reporter-output>
        </test-method> <!-- launchBrowser -->
        <test-method signature="verifyPushNotifications(java.lang.String, java.lang.String)[pri:0, instance:com.sevenrmartsupermarket.tests.PushNotificationTest@416c58f5]" started-at="2023-05-15T09:38:23Z" name="verifyPushNotifications" data-provider="Push Notification Data" finished-at="2023-05-15T09:38:25Z" duration-ms="1661" status="PASS">
          <params>
            <param index="0">
              <value>
                <![CDATA[sevenmarket.com]]>
              </value>
            </param>
            <param index="1">
              <value>
                <![CDATA[grocery app]]>
              </value>
            </param>
          </params>
          <reporter-output>
          </reporter-output>
        </test-method> <!-- verifyPushNotifications -->
        <test-method is-config="true" signature="terminateBrowser(org.testng.ITestResult)[pri:0, instance:com.sevenrmartsupermarket.tests.PushNotificationTest@416c58f5]" started-at="2023-05-15T09:38:25Z" name="terminateBrowser" finished-at="2023-05-15T09:38:25Z" duration-ms="0" status="PASS">
          <params>
            <param index="0">
              <value>
                <![CDATA[[TestResult name=verifyPushNotifications status=SUCCESS method=PushNotificationTest.verifyPushNotifications(java.lang.String, java.lang.String)[pri:0, instance:com.sevenrmartsupermarket.tests.PushNotificationTest@416c58f5] output={null}]]]>
              </value>
            </param>
          </params>
          <reporter-output>
          </reporter-output>
        </test-method> <!-- terminateBrowser -->
      </class> <!-- com.sevenrmartsupermarket.tests.PushNotificationTest -->
    </test> <!-- Default test -->
  </suite> <!-- Default suite -->
</testng-results>
